This file contains any messages produced by compilers while
running configure, to aid debugging if configure makes a mistake.

It was created by dfu-programmer configure 0.5.4, which was
generated by GNU Autoconf 2.66.  Invocation command line was

  $ ./configure 

## --------- ##
## Platform. ##
## --------- ##

hostname = devbox
uname -m = x86_64
uname -r = 3.2.0-32-generic
uname -s = Linux
uname -v = #51-Ubuntu SMP Wed Sep 26 21:33:09 UTC 2012

/usr/bin/uname -p = Intel(R) Celeron(R) CPU 867 @ 1.30GHz
/bin/uname -X     = unknown

/bin/arch              = unknown
/usr/bin/arch -k       = unknown
/usr/convex/getsysinfo = unknown
/usr/bin/hostinfo      = unknown
/bin/machine           = unknown
/usr/bin/oslevel       = unknown
/bin/universe          = unknown

PATH: /usr/local/bin
PATH: /usr/bin
PATH: /bin
PATH: /opt/bin
PATH: /usr/x86_64-pc-linux-gnu/gcc-bin/4.5.4
PATH: /opt/android-ndk
PATH: /opt/android-ndk/toolchains/arm-linux-androideabi-4.4.3/prebuilt/linux-x86/bin/
PATH: /opt/android-ndk/toolchains/arm-linux-androideabi-4.6/prebuilt/linux-x86/bin/
PATH: /opt/android-ndk/toolchains/mipsel-linux-android-4.4.3/prebuilt/linux-x86/bin/
PATH: /opt/android-ndk/toolchains/mipsel-linux-android-4.6/prebuilt/linux-x86/bin/
PATH: /opt/android-ndk/toolchains/x86-4.4.3/prebuilt/linux-x86/bin/
PATH: /opt/android-ndk/toolchains/x86-4.6/prebuilt/linux-x86/bin/
PATH: /opt/android-sdk-update-manager/tools
PATH: /opt/android-sdk-update-manager/platform-tools
PATH: /opt/nvidia-cg-toolkit/bin
PATH: /usr/games/bin


## ----------- ##
## Core tests. ##
## ----------- ##

configure:2112: checking for a BSD-compatible install
configure:2180: result: /usr/bin/install -c
configure:2191: checking whether build environment is sane
configure:2241: result: yes
configure:2382: checking for a thread-safe mkdir -p
configure:2421: result: /bin/mkdir -p
configure:2434: checking for gawk
configure:2450: found /usr/bin/gawk
configure:2461: result: gawk
configure:2472: checking whether make sets $(MAKE)
configure:2494: result: yes
configure:2579: checking whether to enable maintainer-specific portions of Makefiles
configure:2588: result: no
configure:2651: checking for gcc
configure:2667: found /usr/bin/gcc
configure:2678: result: gcc
configure:2907: checking for C compiler version
configure:2916: gcc --version >&5
gcc (Gentoo 4.5.4 p1.0, pie-0.4.7) 4.5.4
Copyright (C) 2010 Free Software Foundation, Inc.
This is free software; see the source for copying conditions.  There is NO
warranty; not even for MERCHANTABILITY or FITNESS FOR A PARTICULAR PURPOSE.

configure:2927: $? = 0
configure:2916: gcc -v >&5
Using built-in specs.
COLLECT_GCC=/usr/x86_64-pc-linux-gnu/gcc-bin/4.5.4/gcc
COLLECT_LTO_WRAPPER=/usr/libexec/gcc/x86_64-pc-linux-gnu/4.5.4/lto-wrapper
Target: x86_64-pc-linux-gnu
Configured with: /var/tmp/portage/sys-devel/gcc-4.5.4/work/gcc-4.5.4/configure --prefix=/usr --bindir=/usr/x86_64-pc-linux-gnu/gcc-bin/4.5.4 --includedir=/usr/lib/gcc/x86_64-pc-linux-gnu/4.5.4/include --datadir=/usr/share/gcc-data/x86_64-pc-linux-gnu/4.5.4 --mandir=/usr/share/gcc-data/x86_64-pc-linux-gnu/4.5.4/man --infodir=/usr/share/gcc-data/x86_64-pc-linux-gnu/4.5.4/info --with-gxx-include-dir=/usr/lib/gcc/x86_64-pc-linux-gnu/4.5.4/include/g++-v4 --host=x86_64-pc-linux-gnu --build=x86_64-pc-linux-gnu --disable-altivec --disable-fixed-point --without-ppl --without-cloog --disable-lto --enable-nls --without-included-gettext --with-system-zlib --enable-obsolete --disable-werror --enable-secureplt --enable-multilib --enable-libmudflap --disable-libssp --enable-libgomp --with-python-dir=/share/gcc-data/x86_64-pc-linux-gnu/4.5.4/python --enable-checking=release --disable-libgcj --enable-languages=c,c++,fortran --enable-shared --enable-threads=posix --enable-__cxa_atexit --enable-clocale=gnu --enable-targets=all --with-bugurl=http://bugs.gentoo.org/ --with-pkgversion='Gentoo 4.5.4 p1.0, pie-0.4.7'
Thread model: posix
gcc version 4.5.4 (Gentoo 4.5.4 p1.0, pie-0.4.7) 
configure:2927: $? = 0
configure:2916: gcc -V >&5
gcc: '-V' option must have argument
configure:2927: $? = 1
configure:2916: gcc -qversion >&5
gcc: unrecognized option '-qversion'
gcc: no input files
configure:2927: $? = 1
configure:2947: checking whether the C compiler works
configure:2969: gcc    conftest.c  >&5
configure:2973: $? = 0
configure:3021: result: yes
configure:3024: checking for C compiler default output file name
configure:3026: result: a.out
configure:3032: checking for suffix of executables
configure:3039: gcc -o conftest    conftest.c  >&5
configure:3043: $? = 0
configure:3065: result: 
configure:3087: checking whether we are cross compiling
configure:3095: gcc -o conftest    conftest.c  >&5
configure:3099: $? = 0
configure:3106: ./conftest
configure:3110: $? = 0
configure:3125: result: no
configure:3130: checking for suffix of object files
configure:3152: gcc -c   conftest.c >&5
configure:3156: $? = 0
configure:3177: result: o
configure:3181: checking whether we are using the GNU C compiler
configure:3200: gcc -c   conftest.c >&5
configure:3200: $? = 0
configure:3209: result: yes
configure:3218: checking whether gcc accepts -g
configure:3238: gcc -c -g  conftest.c >&5
configure:3238: $? = 0
configure:3279: result: yes
configure:3296: checking for gcc option to accept ISO C89
configure:3360: gcc  -c -g -O2  conftest.c >&5
configure:3360: $? = 0
configure:3373: result: none needed
configure:3404: checking for style of include used by make
configure:3432: result: GNU
configure:3457: checking dependency style of gcc
configure:3567: result: gcc3
configure:3648: checking for pkg-config
configure:3666: found /usr/bin/pkg-config
configure:3678: result: /usr/bin/pkg-config
configure:3703: checking pkg-config is at least version 0.9.0
configure:3706: result: yes
configure:3716: checking for LIBUSB_1_0
configure:3723: $PKG_CONFIG --exists --print-errors " libusb-1.0 >= 1.0.0 "
configure:3726: $? = 0
configure:3739: $PKG_CONFIG --exists --print-errors " libusb-1.0 >= 1.0.0 "
configure:3742: $? = 0
configure:3779: result: yes
configure:4300: checking for ANSI C header files
configure:4320: gcc -c -g -O2 -I/usr/include/libusb-1.0    conftest.c >&5
configure:4320: $? = 0
./configure: line 4334: conftest.c: command not found
configure:4404: result: no
configure:4414: checking for an ANSI C-conforming const
configure:4479: gcc -c -g -O2 -I/usr/include/libusb-1.0    conftest.c >&5
configure:4479: $? = 0
configure:4486: result: yes
configure:4494: checking for size_t
configure:4494: gcc -c -g -O2 -I/usr/include/libusb-1.0    conftest.c >&5
configure:4494: $? = 0
configure:4494: gcc -c -g -O2 -I/usr/include/libusb-1.0    conftest.c >&5
conftest.c: In function 'main':
conftest.c:48:21: error: expected expression before ')' token
configure:4494: $? = 1
configure: failed program was:
| /* confdefs.h */
| #define PACKAGE_NAME "dfu-programmer"
| #define PACKAGE_TARNAME "dfu-programmer"
| #define PACKAGE_VERSION "0.5.4"
| #define PACKAGE_STRING "dfu-programmer 0.5.4"
| #define PACKAGE_BUGREPORT ""
| #define PACKAGE_URL ""
| #define PACKAGE "dfu-programmer"
| #define VERSION "0.5.4"
| #define HAVE_LIBUSB_1_0 1
| /* end confdefs.h.  */
| #include <stdio.h>
| #ifdef HAVE_SYS_TYPES_H
| # include <sys/types.h>
| #endif
| #ifdef HAVE_SYS_STAT_H
| # include <sys/stat.h>
| #endif
| #ifdef STDC_HEADERS
| # include <stdlib.h>
| # include <stddef.h>
| #else
| # ifdef HAVE_STDLIB_H
| #  include <stdlib.h>
| # endif
| #endif
| #ifdef HAVE_STRING_H
| # if !defined STDC_HEADERS && defined HAVE_MEMORY_H
| #  include <memory.h>
| # endif
| # include <string.h>
| #endif
| #ifdef HAVE_STRINGS_H
| # include <strings.h>
| #endif
| #ifdef HAVE_INTTYPES_H
| # include <inttypes.h>
| #endif
| #ifdef HAVE_STDINT_H
| # include <stdint.h>
| #endif
| #ifdef HAVE_UNISTD_H
| # include <unistd.h>
| #endif
| int
| main ()
| {
| if (sizeof ((size_t)))
| 	    return 0;
|   ;
|   return 0;
| }
configure:4494: result: yes
configure:4509: checking stdlib.h usability
configure:4509: gcc -c -g -O2 -I/usr/include/libusb-1.0    conftest.c >&5
configure:4509: $? = 0
configure:4509: result: yes
configure:4509: checking stdlib.h presence
configure:4509:   conftest.c
./configure: line 1478: conftest.c: command not found
configure:4509: $? = 127
configure: failed program was:
| /* confdefs.h */
| #define PACKAGE_NAME "dfu-programmer"
| #define PACKAGE_TARNAME "dfu-programmer"
| #define PACKAGE_VERSION "0.5.4"
| #define PACKAGE_STRING "dfu-programmer 0.5.4"
| #define PACKAGE_BUGREPORT ""
| #define PACKAGE_URL ""
| #define PACKAGE "dfu-programmer"
| #define VERSION "0.5.4"
| #define HAVE_LIBUSB_1_0 1
| /* end confdefs.h.  */
| #include <stdlib.h>
configure:4509: result: no
configure:4509: WARNING: stdlib.h: accepted by the compiler, rejected by the preprocessor!
configure:4509: WARNING: stdlib.h: proceeding with the compiler's result
configure:4509: checking for stdlib.h
configure:4509: result: yes
configure:4519: checking for GNU libc compatible malloc
configure:4543: gcc -o conftest -g -O2 -I/usr/include/libusb-1.0     -lusb-1.0   conftest.c  >&5
configure:4543: $? = 0
configure:4543: ./conftest
configure:4543: $? = 0
configure:4553: result: yes
configure:4574: checking for working memcmp
configure:4617: gcc -o conftest -g -O2 -I/usr/include/libusb-1.0     -lusb-1.0   conftest.c  >&5
conftest.c: In function 'main':
conftest.c:67:2: warning: incompatible implicit declaration of built-in function 'strcpy'
configure:4617: $? = 0
configure:4617: ./conftest
configure:4617: $? = 0
configure:4627: result: yes
configure:4763: creating ./config.status

## ---------------------- ##
## Running config.status. ##
## ---------------------- ##

This file was extended by dfu-programmer config.status 0.5.4, which was
generated by GNU Autoconf 2.66.  Invocation command line was

  CONFIG_FILES    = 
  CONFIG_HEADERS  = 
  CONFIG_LINKS    = 
  CONFIG_COMMANDS = 
  $ ./config.status 

on devbox

config.status:854: creating fedora/dfu-programmer.spec
config.status:854: creating Makefile
config.status:854: creating docs/Makefile
config.status:854: creating src/Makefile
config.status:854: creating config.h
config.status:1082: executing depfiles commands

## ---------------- ##
## Cache variables. ##
## ---------------- ##

ac_cv_c_compiler_gnu=yes
ac_cv_c_const=yes
ac_cv_env_CC_set=
ac_cv_env_CC_value=
ac_cv_env_CFLAGS_set=
ac_cv_env_CFLAGS_value=
ac_cv_env_CPPFLAGS_set=
ac_cv_env_CPPFLAGS_value=
ac_cv_env_CPP_set=
ac_cv_env_CPP_value=
ac_cv_env_LDFLAGS_set=
ac_cv_env_LDFLAGS_value=
ac_cv_env_LIBS_set=
ac_cv_env_LIBS_value=
ac_cv_env_LIBUSB_1_0_CFLAGS_set=
ac_cv_env_LIBUSB_1_0_CFLAGS_value=
ac_cv_env_LIBUSB_1_0_LIBS_set=
ac_cv_env_LIBUSB_1_0_LIBS_value=
ac_cv_env_PKG_CONFIG_LIBDIR_set=
ac_cv_env_PKG_CONFIG_LIBDIR_value=
ac_cv_env_PKG_CONFIG_PATH_set=
ac_cv_env_PKG_CONFIG_PATH_value=
ac_cv_env_PKG_CONFIG_set=
ac_cv_env_PKG_CONFIG_value=
ac_cv_env_build_alias_set=
ac_cv_env_build_alias_value=
ac_cv_env_host_alias_set=
ac_cv_env_host_alias_value=
ac_cv_env_target_alias_set=
ac_cv_env_target_alias_value=
ac_cv_func_malloc_0_nonnull=yes
ac_cv_func_memcmp_working=yes
ac_cv_header_stdc=no
ac_cv_header_stdlib_h=yes
ac_cv_objext=o
ac_cv_path_ac_pt_PKG_CONFIG=/usr/bin/pkg-config
ac_cv_path_install='/usr/bin/install -c'
ac_cv_path_mkdir=/bin/mkdir
ac_cv_prog_AWK=gawk
ac_cv_prog_ac_ct_CC=gcc
ac_cv_prog_cc_c89=
ac_cv_prog_cc_g=yes
ac_cv_prog_make_make_set=yes
ac_cv_type_size_t=yes
am_cv_CC_dependencies_compiler_type=gcc3
pkg_cv_LIBUSB_1_0_CFLAGS='-I/usr/include/libusb-1.0  '
pkg_cv_LIBUSB_1_0_LIBS='-lusb-1.0  '

## ----------------- ##
## Output variables. ##
## ----------------- ##

ACLOCAL='${SHELL} /data/ecg/firmware/programmer/m4/missing --run aclocal-1.11'
AMDEPBACKSLASH='\'
AMDEP_FALSE='#'
AMDEP_TRUE=''
AMTAR='${SHELL} /data/ecg/firmware/programmer/m4/missing --run tar'
AUTOCONF='${SHELL} /data/ecg/firmware/programmer/m4/missing --run autoconf'
AUTOHEADER='${SHELL} /data/ecg/firmware/programmer/m4/missing --run autoheader'
AUTOMAKE='${SHELL} /data/ecg/firmware/programmer/m4/missing --run automake-1.11'
AWK='gawk'
CC='gcc'
CCDEPMODE='depmode=gcc3'
CFLAGS='-g -O2 -I/usr/include/libusb-1.0  '
CPP=''
CPPFLAGS=''
CYGPATH_W='echo'
DEFS='-DHAVE_CONFIG_H'
DEPDIR='.deps'
ECHO_C=''
ECHO_N='-n'
ECHO_T=''
EGREP=''
EXEEXT=''
GREP=''
INSTALL_DATA='${INSTALL} -m 644'
INSTALL_PROGRAM='${INSTALL}'
INSTALL_SCRIPT='${INSTALL}'
INSTALL_STRIP_PROGRAM='$(install_sh) -c -s'
LDFLAGS=' -lusb-1.0  '
LIBOBJS=''
LIBS=''
LIBUSB_1_0_CFLAGS='-I/usr/include/libusb-1.0  '
LIBUSB_1_0_LIBS='-lusb-1.0  '
LTLIBOBJS=''
MAINT='#'
MAINTAINER_MODE_FALSE=''
MAINTAINER_MODE_TRUE='#'
MAKEINFO='${SHELL} /data/ecg/firmware/programmer/m4/missing --run makeinfo'
MKDIR_P='/bin/mkdir -p'
OBJEXT='o'
PACKAGE='dfu-programmer'
PACKAGE_BUGREPORT=''
PACKAGE_NAME='dfu-programmer'
PACKAGE_STRING='dfu-programmer 0.5.4'
PACKAGE_TARNAME='dfu-programmer'
PACKAGE_URL=''
PACKAGE_VERSION='0.5.4'
PATH_SEPARATOR=':'
PKG_CONFIG='/usr/bin/pkg-config'
PKG_CONFIG_LIBDIR=''
PKG_CONFIG_PATH=''
SET_MAKE=''
SHELL='/bin/sh'
STRIP=''
VERSION='0.5.4'
ac_ct_CC='gcc'
am__EXEEXT_FALSE=''
am__EXEEXT_TRUE='#'
am__fastdepCC_FALSE='#'
am__fastdepCC_TRUE=''
am__include='include'
am__isrc=''
am__leading_dot='.'
am__quote=''
am__tar='${AMTAR} chof - "$$tardir"'
am__untar='${AMTAR} xf -'
bindir='${exec_prefix}/bin'
build_alias=''
datadir='${datarootdir}'
datarootdir='${prefix}/share'
docdir='${datarootdir}/doc/${PACKAGE_TARNAME}'
dvidir='${docdir}'
exec_prefix='${prefix}'
host_alias=''
htmldir='${docdir}'
includedir='${prefix}/include'
infodir='${datarootdir}/info'
install_sh='${SHELL} /data/ecg/firmware/programmer/m4/install-sh'
libdir='${exec_prefix}/lib'
libexecdir='${exec_prefix}/libexec'
localedir='${datarootdir}/locale'
localstatedir='${prefix}/var'
mandir='${datarootdir}/man'
mkdir_p='/bin/mkdir -p'
oldincludedir='/usr/include'
pdfdir='${docdir}'
prefix='/usr/local'
program_transform_name='s,x,x,'
psdir='${docdir}'
sbindir='${exec_prefix}/sbin'
sharedstatedir='${prefix}/com'
sysconfdir='${prefix}/etc'
target_alias=''

## ----------- ##
## confdefs.h. ##
## ----------- ##

/* confdefs.h */
#define PACKAGE_NAME "dfu-programmer"
#define PACKAGE_TARNAME "dfu-programmer"
#define PACKAGE_VERSION "0.5.4"
#define PACKAGE_STRING "dfu-programmer 0.5.4"
#define PACKAGE_BUGREPORT ""
#define PACKAGE_URL ""
#define PACKAGE "dfu-programmer"
#define VERSION "0.5.4"
#define HAVE_LIBUSB_1_0 1
#define HAVE_STDLIB_H 1
#define HAVE_MALLOC 1

configure: exit 0
